<?xml version="1.0" encoding="UTF-8"?>
<testsuite xmlns:xsi="http://www.w3.org/2001/XMLSchema-instance" xsi:noNamespaceSchemaLocation="https://maven.apache.org/surefire/maven-surefire-plugin/xsd/surefire-test-report-3.0.xsd" version="3.0" name="TestSuite" time="75.734" tests="4" errors="0" skipped="0" failures="0">
  <properties>
[...]
</properties>
  <testcase name="dragTest" classname="tests.DragTest" time="27.657">
    <system-err><![CDATA[SLF4J(W): No SLF4J providers were found.
SLF4J(W): Defaulting to no-operation (NOP) logger implementation
SLF4J(W): See https://www.slf4j.org/codes.html#noProviders for further details.
]]></system-err>
  </testcase>
  <testcase name="loginTest[user1@gmail.com, password1](1)" classname="tests.LoginTest" time="6.575"/>
  <testcase name="loginTest[user2@gmail.com, password2](2)" classname="tests.LoginTest" time="6.544"/>
  <testcase name="loginTest[user3@gmail.com, password3](3)" classname="tests.LoginTest" time="6.467"/>
</testsuite>