<?xml version="1.0" encoding="UTF-8"?>
<testng-results ignored="0" total="4" passed="4" failed="0" skipped="0">
  <reporter-output>
  </reporter-output>
  <suite started-at="2024-10-25T15:22:59 GMT+07:00" name="Surefire suite" finished-at="2024-10-25T15:24:13 GMT+07:00" duration-ms="74519">
    <groups>
      <group name="drag">
        <method signature="DragTest.dragTest()[pri:0, instance:tests.DragTest@26bab2f1]" name="dragTest" class="tests.DragTest"/>
      </group> <!-- drag -->
      <group name="login">
        <method signature="LoginTest.loginTest(java.lang.String,java.lang.String)[pri:0, instance:tests.LoginTest@6b53bcc2]" name="loginTest" class="tests.LoginTest"/>
      </group> <!-- login -->
    </groups>
    <test started-at="2024-10-25T15:22:59 GMT+07:00" name="Surefire test" finished-at="2024-10-25T15:24:13 GMT+07:00" duration-ms="74519">
      <class name="tests.LoginTest">
        <test-method is-config="true" signature="beforeClass()[pri:0, instance:tests.LoginTest@6b53bcc2]" started-at="2024-10-25T15:23:38 GMT+07:00" name="beforeClass" finished-at="2024-10-25T15:23:38 GMT+07:00" duration-ms="1" status="PASS">
          <reporter-output>
          </reporter-output>
        </test-method> <!-- beforeClass -->
        <test-method is-config="true" signature="beforeMethod(java.lang.String,java.lang.String,java.lang.String,java.lang.reflect.Method,[Ljava.lang.Object;)[pri:0, instance:tests.LoginTest@6b53bcc2]" started-at="2024-10-25T15:23:38 GMT+07:00" name="beforeMethod" finished-at="2024-10-25T15:23:43 GMT+07:00" duration-ms="4869" status="PASS">
          <params>
            <param index="0">
              <value>
                <![CDATA[]]>
              </value>
            </param>
            <param index="1">
              <value>
                <![CDATA[]]>
              </value>
            </param>
            <param index="2">
              <value>
                <![CDATA[]]>
              </value>
            </param>
            <param index="3">
              <value>
                <![CDATA[public void tests.LoginTest.loginTest(java.lang.String,java.lang.String)]]>
              </value>
            </param>
            <param index="4">
              <value>
                <![CDATA[[Ljava.lang.Object;@3e4e4c1]]>
              </value>
            </param>
          </params>
          <reporter-output>
          </reporter-output>
        </test-method> <!-- beforeMethod -->
        <test-method signature="loginTest(java.lang.String,java.lang.String)[pri:0, instance:tests.LoginTest@6b53bcc2]" started-at="2024-10-25T15:23:43 GMT+07:00" name="loginTest" data-provider="loginData" finished-at="2024-10-25T15:23:49 GMT+07:00" duration-ms="6576" status="PASS">
          <params>
            <param index="0">
              <value>
                <![CDATA[user1@gmail.com]]>
              </value>
            </param>
            <param index="1">
              <value>
                <![CDATA[password1]]>
              </value>
            </param>
          </params>
          <reporter-output>
          </reporter-output>
        </test-method> <!-- loginTest -->
        <test-method is-config="true" signature="afterMethod(org.testng.ITestResult)[pri:0, instance:tests.LoginTest@6b53bcc2]" started-at="2024-10-25T15:23:49 GMT+07:00" name="afterMethod" finished-at="2024-10-25T15:23:50 GMT+07:00" duration-ms="362" status="PASS">
          <params>
            <param index="0">
              <value>
                <![CDATA[[TestResult name=loginTest status=SUCCESS method=LoginTest.loginTest(java.lang.String,java.lang.String)[pri:0, instance:tests.LoginTest@6b53bcc2] output={null}]]]>
              </value>
            </param>
          </params>
          <reporter-output>
          </reporter-output>
        </test-method> <!-- afterMethod -->
        <test-method is-config="true" signature="beforeMethod(java.lang.String,java.lang.String,java.lang.String,java.lang.reflect.Method,[Ljava.lang.Object;)[pri:0, instance:tests.LoginTest@6b53bcc2]" started-at="2024-10-25T15:23:50 GMT+07:00" name="beforeMethod" finished-at="2024-10-25T15:23:54 GMT+07:00" duration-ms="4689" status="PASS">
          <params>
            <param index="0">
              <value>
                <![CDATA[]]>
              </value>
            </param>
            <param index="1">
              <value>
                <![CDATA[]]>
              </value>
            </param>
            <param index="2">
              <value>
                <![CDATA[]]>
              </value>
            </param>
            <param index="3">
              <value>
                <![CDATA[public void tests.LoginTest.loginTest(java.lang.String,java.lang.String)]]>
              </value>
            </param>
            <param index="4">
              <value>
                <![CDATA[[Ljava.lang.Object;@41a374be]]>
              </value>
            </param>
          </params>
          <reporter-output>
          </reporter-output>
        </test-method> <!-- beforeMethod -->
        <test-method signature="loginTest(java.lang.String,java.lang.String)[pri:0, instance:tests.LoginTest@6b53bcc2]" started-at="2024-10-25T15:23:54 GMT+07:00" name="loginTest" data-provider="loginData" finished-at="2024-10-25T15:24:01 GMT+07:00" duration-ms="6544" status="PASS">
          <params>
            <param index="0">
              <value>
                <![CDATA[user2@gmail.com]]>
              </value>
            </param>
            <param index="1">
              <value>
                <![CDATA[password2]]>
              </value>
            </param>
          </params>
          <reporter-output>
          </reporter-output>
        </test-method> <!-- loginTest -->
        <test-method is-config="true" signature="afterMethod(org.testng.ITestResult)[pri:0, instance:tests.LoginTest@6b53bcc2]" started-at="2024-10-25T15:24:01 GMT+07:00" name="afterMethod" finished-at="2024-10-25T15:24:01 GMT+07:00" duration-ms="377" status="PASS">
          <params>
            <param index="0">
              <value>
                <![CDATA[[TestResult name=loginTest status=SUCCESS method=LoginTest.loginTest(java.lang.String,java.lang.String)[pri:0, instance:tests.LoginTest@6b53bcc2] output={null}]]]>
              </value>
            </param>
          </params>
          <reporter-output>
          </reporter-output>
        </test-method> <!-- afterMethod -->
        <test-method is-config="true" signature="beforeMethod(java.lang.String,java.lang.String,java.lang.String,java.lang.reflect.Method,[Ljava.lang.Object;)[pri:0, instance:tests.LoginTest@6b53bcc2]" started-at="2024-10-25T15:24:01 GMT+07:00" name="beforeMethod" finished-at="2024-10-25T15:24:06 GMT+07:00" duration-ms="4771" status="PASS">
          <params>
            <param index="0">
              <value>
                <![CDATA[]]>
              </value>
            </param>
            <param index="1">
              <value>
                <![CDATA[]]>
              </value>
            </param>
            <param index="2">
              <value>
                <![CDATA[]]>
              </value>
            </param>
            <param index="3">
              <value>
                <![CDATA[public void tests.LoginTest.loginTest(java.lang.String,java.lang.String)]]>
              </value>
            </param>
            <param index="4">
              <value>
                <![CDATA[[Ljava.lang.Object;@3382cf68]]>
              </value>
            </param>
          </params>
          <reporter-output>
          </reporter-output>
        </test-method> <!-- beforeMethod -->
        <test-method signature="loginTest(java.lang.String,java.lang.String)[pri:0, instance:tests.LoginTest@6b53bcc2]" started-at="2024-10-25T15:24:06 GMT+07:00" name="loginTest" data-provider="loginData" finished-at="2024-10-25T15:24:13 GMT+07:00" duration-ms="6467" status="PASS">
          <params>
            <param index="0">
              <value>
                <![CDATA[user3@gmail.com]]>
              </value>
            </param>
            <param index="1">
              <value>
                <![CDATA[password3]]>
              </value>
            </param>
          </params>
          <reporter-output>
          </reporter-output>
        </test-method> <!-- loginTest -->
        <test-method is-config="true" signature="afterMethod(org.testng.ITestResult)[pri:0, instance:tests.LoginTest@6b53bcc2]" started-at="2024-10-25T15:24:13 GMT+07:00" name="afterMethod" finished-at="2024-10-25T15:24:13 GMT+07:00" duration-ms="365" status="PASS">
          <params>
            <param index="0">
              <value>
                <![CDATA[[TestResult name=loginTest status=SUCCESS method=LoginTest.loginTest(java.lang.String,java.lang.String)[pri:0, instance:tests.LoginTest@6b53bcc2] output={null}]]]>
              </value>
            </param>
          </params>
          <reporter-output>
          </reporter-output>
        </test-method> <!-- afterMethod -->
        <test-method is-config="true" signature="afterClass()[pri:0, instance:tests.LoginTest@6b53bcc2]" started-at="2024-10-25T15:24:13 GMT+07:00" name="afterClass" finished-at="2024-10-25T15:24:13 GMT+07:00" duration-ms="0" status="PASS">
          <reporter-output>
          </reporter-output>
        </test-method> <!-- afterClass -->
      </class> <!-- tests.LoginTest -->
      <class name="tests.BaseTest">
        <test-method is-config="true" signature="beforeSuite()[pri:0, instance:tests.BaseTest@28e8dde3]" started-at="2024-10-25T15:22:59 GMT+07:00" name="beforeSuite" finished-at="2024-10-25T15:22:59 GMT+07:00" duration-ms="27" status="PASS">
          <reporter-output>
          </reporter-output>
        </test-method> <!-- beforeSuite -->
        <test-method is-config="true" signature="beforeTest(java.lang.String,java.lang.String,java.lang.String)[pri:0, instance:tests.BaseTest@28e8dde3]" started-at="2024-10-25T15:22:59 GMT+07:00" name="beforeTest" finished-at="2024-10-25T15:22:59 GMT+07:00" duration-ms="290" status="PASS">
          <params>
            <param index="0">
              <value>
                <![CDATA[]]>
              </value>
            </param>
            <param index="1">
              <value>
                <![CDATA[]]>
              </value>
            </param>
            <param index="2">
              <value>
                <![CDATA[]]>
              </value>
            </param>
          </params>
          <reporter-output>
          </reporter-output>
        </test-method> <!-- beforeTest -->
        <test-method is-config="true" signature="afterTest()[pri:0, instance:tests.BaseTest@28e8dde3]" started-at="2024-10-25T15:24:13 GMT+07:00" name="afterTest" finished-at="2024-10-25T15:24:13 GMT+07:00" duration-ms="298" status="PASS">
          <reporter-output>
          </reporter-output>
        </test-method> <!-- afterTest -->
        <test-method is-config="true" signature="afterSuite()[pri:0, instance:tests.BaseTest@28e8dde3]" started-at="2024-10-25T15:24:13 GMT+07:00" name="afterSuite" finished-at="2024-10-25T15:24:13 GMT+07:00" duration-ms="1" status="PASS">
          <reporter-output>
          </reporter-output>
        </test-method> <!-- afterSuite -->
      </class> <!-- tests.BaseTest -->
      <class name="tests.DragTest">
        <test-method is-config="true" signature="beforeClass()[pri:0, instance:tests.DragTest@26bab2f1]" started-at="2024-10-25T15:22:59 GMT+07:00" name="beforeClass" finished-at="2024-10-25T15:22:59 GMT+07:00" duration-ms="1" status="PASS">
          <reporter-output>
          </reporter-output>
        </test-method> <!-- beforeClass -->
        <test-method is-config="true" signature="beforeMethod(java.lang.String,java.lang.String,java.lang.String,java.lang.reflect.Method,[Ljava.lang.Object;)[pri:0, instance:tests.DragTest@26bab2f1]" started-at="2024-10-25T15:22:59 GMT+07:00" name="beforeMethod" finished-at="2024-10-25T15:23:10 GMT+07:00" duration-ms="10750" status="PASS">
          <params>
            <param index="0">
              <value>
                <![CDATA[]]>
              </value>
            </param>
            <param index="1">
              <value>
                <![CDATA[]]>
              </value>
            </param>
            <param index="2">
              <value>
                <![CDATA[]]>
              </value>
            </param>
            <param index="3">
              <value>
                <![CDATA[public void tests.DragTest.dragTest()]]>
              </value>
            </param>
            <param index="4">
              <value>
                <![CDATA[[Ljava.lang.Object;@235c997d]]>
              </value>
            </param>
          </params>
          <reporter-output>
          </reporter-output>
        </test-method> <!-- beforeMethod -->
        <test-method signature="dragTest()[pri:0, instance:tests.DragTest@26bab2f1]" started-at="2024-10-25T15:23:10 GMT+07:00" name="dragTest" finished-at="2024-10-25T15:23:37 GMT+07:00" duration-ms="27657" status="PASS">
          <reporter-output>
          </reporter-output>
        </test-method> <!-- dragTest -->
        <test-method is-config="true" signature="afterMethod(org.testng.ITestResult)[pri:0, instance:tests.DragTest@26bab2f1]" started-at="2024-10-25T15:23:37 GMT+07:00" name="afterMethod" finished-at="2024-10-25T15:23:38 GMT+07:00" duration-ms="460" status="PASS">
          <params>
            <param index="0">
              <value>
                <![CDATA[[TestResult name=dragTest status=SUCCESS method=DragTest.dragTest()[pri:0, instance:tests.DragTest@26bab2f1] output={null}]]]>
              </value>
            </param>
          </params>
          <reporter-output>
          </reporter-output>
        </test-method> <!-- afterMethod -->
        <test-method is-config="true" signature="afterClass()[pri:0, instance:tests.DragTest@26bab2f1]" started-at="2024-10-25T15:23:38 GMT+07:00" name="afterClass" finished-at="2024-10-25T15:23:38 GMT+07:00" duration-ms="1" status="PASS">
          <reporter-output>
          </reporter-output>
        </test-method> <!-- afterClass -->
      </class> <!-- tests.DragTest -->
    </test> <!-- Surefire test -->
  </suite> <!-- Surefire suite -->
</testng-results>
